<?xml version="1.0" encoding="UTF-8"?>
<testsuite xmlns:xsi="http://www.w3.org/2001/XMLSchema-instance" xsi:noNamespaceSchemaLocation="https://maven.apache.org/surefire/maven-surefire-plugin/xsd/surefire-test-report-3.0.xsd" version="3.0" name="ar.edu.itba.pod.concurrency.exercises.e1.GenericServiceTest" time="0.042" tests="9" errors="0" skipped="0" failures="0">
  <properties>
    <property name="java.specification.version" value="18"/>
    <property name="sun.cpu.isalist" value="amd64"/>
    <property name="sun.jnu.encoding" value="Cp1252"/>
    <property name="java.class.path" value="C:\Users\ivanc\Desktop\POD\1. Concurrency\target\test-classes;C:\Users\ivanc\Desktop\POD\1. Concurrency\target\classes;C:\Users\ivanc\.m2\repository\org\slf4j\slf4j-api\2.0.6\slf4j-api-2.0.6.jar;C:\Users\ivanc\.m2\repository\org\slf4j\slf4j-reload4j\2.0.6\slf4j-reload4j-2.0.6.jar;C:\Users\ivanc\.m2\repository\ch\qos\reload4j\reload4j\1.2.22\reload4j-1.2.22.jar;C:\Users\ivanc\.m2\repository\org\junit\jupiter\junit-jupiter\5.9.2\junit-jupiter-5.9.2.jar;C:\Users\ivanc\.m2\repository\org\junit\jupiter\junit-jupiter-api\5.9.2\junit-jupiter-api-5.9.2.jar;C:\Users\ivanc\.m2\repository\org\opentest4j\opentest4j\1.2.0\opentest4j-1.2.0.jar;C:\Users\ivanc\.m2\repository\org\junit\platform\junit-platform-commons\1.9.2\junit-platform-commons-1.9.2.jar;C:\Users\ivanc\.m2\repository\org\apiguardian\apiguardian-api\1.1.2\apiguardian-api-1.1.2.jar;C:\Users\ivanc\.m2\repository\org\junit\jupiter\junit-jupiter-params\5.9.2\junit-jupiter-params-5.9.2.jar;C:\Users\ivanc\.m2\repository\org\junit\jupiter\junit-jupiter-engine\5.9.2\junit-jupiter-engine-5.9.2.jar;C:\Users\ivanc\.m2\repository\org\junit\platform\junit-platform-engine\1.9.2\junit-platform-engine-1.9.2.jar;C:\Users\ivanc\.m2\repository\org\mockito\mockito-all\1.10.19\mockito-all-1.10.19.jar;"/>
    <property name="java.vm.vendor" value="Amazon.com Inc."/>
    <property name="sun.arch.data.model" value="64"/>
    <property name="user.variant" value=""/>
    <property name="java.vendor.url" value="https://aws.amazon.com/corretto/"/>
    <property name="user.timezone" value="America/Buenos_Aires"/>
    <property name="user.country.format" value="AR"/>
    <property name="os.name" value="Windows 11"/>
    <property name="java.vm.specification.version" value="18"/>
    <property name="sun.java.launcher" value="SUN_STANDARD"/>
    <property name="user.country" value="US"/>
    <property name="sun.boot.library.path" value="C:\Users\ivanc\.jdks\corretto-18.0.2\bin"/>
    <property name="sun.java.command" value="C:\Users\ivanc\AppData\Local\Temp\surefire8071163845269220511\surefirebooter-20230809182336021_3.jar C:\Users\ivanc\AppData\Local\Temp\surefire8071163845269220511 2023-08-09T18-23-34_001-jvmRun1 surefire-20230809182336021_1tmp surefire_0-20230809182336021_2tmp"/>
    <property name="jdk.debug" value="release"/>
    <property name="surefire.test.class.path" value="C:\Users\ivanc\Desktop\POD\1. Concurrency\target\test-classes;C:\Users\ivanc\Desktop\POD\1. Concurrency\target\classes;C:\Users\ivanc\.m2\repository\org\slf4j\slf4j-api\2.0.6\slf4j-api-2.0.6.jar;C:\Users\ivanc\.m2\repository\org\slf4j\slf4j-reload4j\2.0.6\slf4j-reload4j-2.0.6.jar;C:\Users\ivanc\.m2\repository\ch\qos\reload4j\reload4j\1.2.22\reload4j-1.2.22.jar;C:\Users\ivanc\.m2\repository\org\junit\jupiter\junit-jupiter\5.9.2\junit-jupiter-5.9.2.jar;C:\Users\ivanc\.m2\repository\org\junit\jupiter\junit-jupiter-api\5.9.2\junit-jupiter-api-5.9.2.jar;C:\Users\ivanc\.m2\repository\org\opentest4j\opentest4j\1.2.0\opentest4j-1.2.0.jar;C:\Users\ivanc\.m2\repository\org\junit\platform\junit-platform-commons\1.9.2\junit-platform-commons-1.9.2.jar;C:\Users\ivanc\.m2\repository\org\apiguardian\apiguardian-api\1.1.2\apiguardian-api-1.1.2.jar;C:\Users\ivanc\.m2\repository\org\junit\jupiter\junit-jupiter-params\5.9.2\junit-jupiter-params-5.9.2.jar;C:\Users\ivanc\.m2\repository\org\junit\jupiter\junit-jupiter-engine\5.9.2\junit-jupiter-engine-5.9.2.jar;C:\Users\ivanc\.m2\repository\org\junit\platform\junit-platform-engine\1.9.2\junit-platform-engine-1.9.2.jar;C:\Users\ivanc\.m2\repository\org\mockito\mockito-all\1.10.19\mockito-all-1.10.19.jar;"/>
    <property name="sun.cpu.endian" value="little"/>
    <property name="user.home" value="C:\Users\ivanc"/>
    <property name="user.language" value="en"/>
    <property name="java.specification.vendor" value="Oracle Corporation"/>
    <property name="java.version.date" value="2022-07-19"/>
    <property name="java.home" value="C:\Users\ivanc\.jdks\corretto-18.0.2"/>
    <property name="file.separator" value="\"/>
    <property name="basedir" value="C:\Users\ivanc\Desktop\POD\1. Concurrency"/>
    <property name="java.vm.compressedOopsMode" value="Zero based"/>
    <property name="line.separator" value="&#10;"/>
    <property name="java.vm.specification.vendor" value="Oracle Corporation"/>
    <property name="java.specification.name" value="Java Platform API Specification"/>
    <property name="surefire.real.class.path" value="C:\Users\ivanc\AppData\Local\Temp\surefire8071163845269220511\surefirebooter-20230809182336021_3.jar"/>
    <property name="user.script" value=""/>
    <property name="sun.management.compiler" value="HotSpot 64-Bit Tiered Compilers"/>
    <property name="java.runtime.version" value="18.0.2+9-FR"/>
    <property name="user.name" value="ivanc"/>
    <property name="path.separator" value=";"/>
    <property name="os.version" value="10.0"/>
    <property name="java.runtime.name" value="OpenJDK Runtime Environment"/>
    <property name="file.encoding" value="UTF-8"/>
    <property name="java.vm.name" value="OpenJDK 64-Bit Server VM"/>
    <property name="java.vendor.version" value="Corretto-18.0.2.9.1"/>
    <property name="localRepository" value="C:\Users\ivanc\.m2\repository"/>
    <property name="java.vendor.url.bug" value="https://github.com/corretto/corretto-18/issues/"/>
    <property name="java.io.tmpdir" value="C:\Users\ivanc\AppData\Local\Temp\"/>
    <property name="idea.version" value="2023.2"/>
    <property name="java.version" value="18.0.2"/>
    <property name="user.dir" value="C:\Users\ivanc\Desktop\POD\1. Concurrency"/>
    <property name="os.arch" value="amd64"/>
    <property name="java.vm.specification.name" value="Java Virtual Machine Specification"/>
    <property name="user.language.format" value="es"/>
    <property name="sun.os.patch.level" value=""/>
    <property name="native.encoding" value="Cp1252"/>
    <property name="java.library.path" value="C:\Users\ivanc\.jdks\corretto-18.0.2\bin;C:\WINDOWS\Sun\Java\bin;C:\WINDOWS\system32;C:\WINDOWS;C:\Program Files\Common Files\Oracle\Java\javapath;C:\Windows\system32;C:\Windows;C:\Windows\System32\Wbem;C:\Windows\System32\WindowsPowerShell\v1.0\;C:\Windows\System32\OpenSSH\;C:\Program Files (x86)\NVIDIA Corporation\PhysX\Common;C:\Program Files\NVIDIA Corporation\NVIDIA NvDLISR;C:\Program Files\dotnet\;C:\WINDOWS\system32;C:\WINDOWS;C:\WINDOWS\System32\Wbem;C:\WINDOWS\System32\WindowsPowerShell\v1.0\;C:\WINDOWS\System32\OpenSSH\;C:\Program Files\Java\jdk-19\bin;C:\Program Files\Git\cmd;C:\Program Files\Docker\Docker\resources\bin;C:\Users\ivanc\AppData\Local\Microsoft\WindowsApps;C:\Users\ivanc\AppData\Local\Programs\Microsoft VS Code\bin;C:\Users\ivanc\AppData\Local\JetBrains\Toolbox\scripts;C:\Users\ivanc\AppData\Local\Microsoft\WindowsApps;C:\Users\ivanc\Desktop\Tools\apache-maven-3.8.8\bin;."/>
    <property name="java.vm.info" value="mixed mode, sharing"/>
    <property name="java.vendor" value="Amazon.com Inc."/>
    <property name="java.vm.version" value="18.0.2+9-FR"/>
    <property name="sun.io.unicode.encoding" value="UnicodeLittle"/>
    <property name="java.class.version" value="62.0"/>
  </properties>
  <testcase name="visit_count_should_start_in_zero" classname="ar.edu.itba.pod.concurrency.exercises.e1.GenericServiceTest" time="0.018"/>
  <testcase name="queue_should_start_empty" classname="ar.edu.itba.pod.concurrency.exercises.e1.GenericServiceTest" time="0"/>
  <testcase name="queue_should_return_in_order" classname="ar.edu.itba.pod.concurrency.exercises.e1.GenericServiceTest" time="0.002"/>
  <testcase name="visit_count_should_reflect_visits" classname="ar.edu.itba.pod.concurrency.exercises.e1.GenericServiceTest" time="0.001"/>
  <testcase name="queue_throws_on_get_empty" classname="ar.edu.itba.pod.concurrency.exercises.e1.GenericServiceTest" time="0.001"/>
  <testcase name="to_upper_of_null" classname="ar.edu.itba.pod.concurrency.exercises.e1.GenericServiceTest" time="0.001"/>
  <testcase name="to_upper_of_message" classname="ar.edu.itba.pod.concurrency.exercises.e1.GenericServiceTest" time="0"/>
  <testcase name="echo_should_echo_the_message" classname="ar.edu.itba.pod.concurrency.exercises.e1.GenericServiceTest" time="0"/>
  <testcase name="echo_of_null" classname="ar.edu.itba.pod.concurrency.exercises.e1.GenericServiceTest" time="0"/>
</testsuite>